Traceback (most recent call last):
  File "/workspace/jepa-code/architechtures/v2/autoresearch/train.py", line 391, in <module>
    main()
  File "/workspace/jepa-code/architechtures/v2/autoresearch/train.py", line 387, in main
    return run(args)
           ^^^^^^^^^
  File "/workspace/jepa-code/architechtures/v2/autoresearch/train.py", line 335, in run
    train_result = train_intertwined_main(build_train_argv(args))
                   ^^^^^^^^^^^^^^^^^^^^^^^^^^^^^^^^^^^^^^^^^^^^^^
  File "/workspace/jepa-code/architechtures/v2/scripts/train_intertwined_hjepa.py", line 558, in main
    return train(parse_args(argv))
           ^^^^^^^^^^^^^^^^^^^^^^^
  File "/workspace/jepa-code/architechtures/v2/scripts/train_intertwined_hjepa.py", line 423, in train
    outputs = train_model(
              ^^^^^^^^^^^^
  File "/workspace/jepa-code/architechtures/v2/.venv/lib/python3.11/site-packages/torch/_dynamo/eval_frame.py", line 414, in __call__
    return super().__call__(*args, **kwargs)
           ^^^^^^^^^^^^^^^^^^^^^^^^^^^^^^^^^
  File "/workspace/jepa-code/architechtures/v2/.venv/lib/python3.11/site-packages/torch/nn/modules/module.py", line 1775, in _wrapped_call_impl
    return self._call_impl(*args, **kwargs)
           ^^^^^^^^^^^^^^^^^^^^^^^^^^^^^^^^
  File "/workspace/jepa-code/architechtures/v2/.venv/lib/python3.11/site-packages/torch/nn/modules/module.py", line 1786, in _call_impl
    return forward_call(*args, **kwargs)
           ^^^^^^^^^^^^^^^^^^^^^^^^^^^^^
  File "/workspace/jepa-code/architechtures/v2/.venv/lib/python3.11/site-packages/torch/_dynamo/eval_frame.py", line 832, in compile_wrapper
    return fn(*args, **kwargs)
           ^^^^^^^^^^^^^^^^^^^
  File "/workspace/jepa-code/architechtures/v2/.venv/lib/python3.11/site-packages/torch/nn/modules/module.py", line 1775, in _wrapped_call_impl
    return self._call_impl(*args, **kwargs)
           ^^^^^^^^^^^^^^^^^^^^^^^^^^^^^^^^
  File "/workspace/jepa-code/architechtures/v2/.venv/lib/python3.11/site-packages/torch/nn/modules/module.py", line 1786, in _call_impl
    return forward_call(*args, **kwargs)
           ^^^^^^^^^^^^^^^^^^^^^^^^^^^^^
  File "/workspace/jepa-code/architechtures/v2/.venv/lib/python3.11/site-packages/torch/_dynamo/convert_frame.py", line 1875, in __call__
    result = self._torchdynamo_orig_backend(
             ^^^^^^^^^^^^^^^^^^^^^^^^^^^^^^^
  File "/workspace/jepa-code/architechtures/v2/.venv/lib/python3.11/site-packages/torch/_dynamo/convert_frame.py", line 1625, in __call__
    result = self._inner_convert(
             ^^^^^^^^^^^^^^^^^^^^
  File "/workspace/jepa-code/architechtures/v2/.venv/lib/python3.11/site-packages/torch/_dynamo/convert_frame.py", line 688, in __call__
    result = _compile(
             ^^^^^^^^^
  File "/workspace/jepa-code/architechtures/v2/.venv/lib/python3.11/site-packages/torch/_dynamo/convert_frame.py", line 1434, in _compile
    guarded_code, tracer_output = compile_inner(code, one_graph, hooks)
                                  ^^^^^^^^^^^^^^^^^^^^^^^^^^^^^^^^^^^^^
  File "/workspace/jepa-code/architechtures/v2/.venv/lib/python3.11/site-packages/torch/_utils_internal.py", line 92, in wrapper_function
    return function(*args, **kwargs)
           ^^^^^^^^^^^^^^^^^^^^^^^^^
  File "/workspace/jepa-code/architechtures/v2/.venv/lib/python3.11/site-packages/torch/_dynamo/convert_frame.py", line 1117, in compile_inner
    return _compile_inner(code, one_graph, hooks)
           ^^^^^^^^^^^^^^^^^^^^^^^^^^^^^^^^^^^^^^
  File "/workspace/jepa-code/architechtures/v2/.venv/lib/python3.11/site-packages/torch/_dynamo/convert_frame.py", line 1151, in _compile_inner
    dynamo_output = compile_frame(
                    ^^^^^^^^^^^^^^
  File "/workspace/jepa-code/architechtures/v2/.venv/lib/python3.11/site-packages/torch/_dynamo/convert_frame.py", line 1032, in compile_frame
    bytecode, tracer_output = transform_code_object(code, transform)
                              ^^^^^^^^^^^^^^^^^^^^^^^^^^^^^^^^^^^^^^
  File "/workspace/jepa-code/architechtures/v2/.venv/lib/python3.11/site-packages/torch/_dynamo/bytecode_transformation.py", line 1592, in transform_code_object
    tracer_output = transformations(instructions, code_options)
                    ^^^^^^^^^^^^^^^^^^^^^^^^^^^^^^^^^^^^^^^^^^^
  File "/workspace/jepa-code/architechtures/v2/.venv/lib/python3.11/site-packages/torch/_dynamo/convert_frame.py", line 1004, in transform
    tracer_output = trace_frame(
                    ^^^^^^^^^^^^
  File "/workspace/jepa-code/architechtures/v2/.venv/lib/python3.11/site-packages/torch/_dynamo/convert_frame.py", line 312, in _fn
    return fn(*args, **kwargs)
           ^^^^^^^^^^^^^^^^^^^
  File "/workspace/jepa-code/architechtures/v2/.venv/lib/python3.11/site-packages/torch/_dynamo/convert_frame.py", line 815, in trace_frame
    run_tracer()
  File "/workspace/jepa-code/architechtures/v2/.venv/lib/python3.11/site-packages/torch/_dynamo/convert_frame.py", line 797, in run_tracer
    tracer.run()
  File "/workspace/jepa-code/architechtures/v2/.venv/lib/python3.11/site-packages/torch/_dynamo/symbolic_convert.py", line 1500, in run
    while self.step():
          ^^^^^^^^^^^
  File "/workspace/jepa-code/architechtures/v2/.venv/lib/python3.11/site-packages/torch/_dynamo/symbolic_convert.py", line 1348, in step
    self.dispatch_table[inst.opcode](self, inst)
  File "/workspace/jepa-code/architechtures/v2/.venv/lib/python3.11/site-packages/torch/_dynamo/symbolic_convert.py", line 904, in wrapper
    return inner_fn(self, inst)
           ^^^^^^^^^^^^^^^^^^^^
  File "/workspace/jepa-code/architechtures/v2/.venv/lib/python3.11/site-packages/torch/_dynamo/symbolic_convert.py", line 3428, in CALL
    self._call(inst)
  File "/workspace/jepa-code/architechtures/v2/.venv/lib/python3.11/site-packages/torch/_dynamo/symbolic_convert.py", line 3422, in _call
    self.call_function(fn, args, kwargs)
  File "/workspace/jepa-code/architechtures/v2/.venv/lib/python3.11/site-packages/torch/_dynamo/symbolic_convert.py", line 1266, in call_function
    self.push(fn.call_function(self, args, kwargs))  # type: ignore[arg-type]
              ^^^^^^^^^^^^^^^^^^^^^^^^^^^^^^^^^^^^
  File "/workspace/jepa-code/architechtures/v2/.venv/lib/python3.11/site-packages/torch/_dynamo/variables/functions.py", line 1154, in call_function
    return super().call_function(tx, args, kwargs)
           ^^^^^^^^^^^^^^^^^^^^^^^^^^^^^^^^^^^^^^^
  File "/workspace/jepa-code/architechtures/v2/.venv/lib/python3.11/site-packages/torch/_dynamo/variables/functions.py", line 598, in call_function
    return super().call_function(tx, args, kwargs)
           ^^^^^^^^^^^^^^^^^^^^^^^^^^^^^^^^^^^^^^^
  File "/workspace/jepa-code/architechtures/v2/.venv/lib/python3.11/site-packages/torch/_dynamo/variables/functions.py", line 342, in call_function
    return tx.inline_user_function_return(self, [*self.self_args(), *args], kwargs)
           ^^^^^^^^^^^^^^^^^^^^^^^^^^^^^^^^^^^^^^^^^^^^^^^^^^^^^^^^^^^^^^^^^^^^^^^^
  File "/workspace/jepa-code/architechtures/v2/.venv/lib/python3.11/site-packages/torch/_dynamo/symbolic_convert.py", line 1288, in inline_user_function_return
    return InliningInstructionTranslator.inline_call(self, fn, args, kwargs)
           ^^^^^^^^^^^^^^^^^^^^^^^^^^^^^^^^^^^^^^^^^^^^^^^^^^^^^^^^^^^^^^^^^
  File "/workspace/jepa-code/architechtures/v2/.venv/lib/python3.11/site-packages/torch/_dynamo/symbolic_convert.py", line 4129, in inline_call
    return tracer.inline_call_()
           ^^^^^^^^^^^^^^^^^^^^^
  File "/workspace/jepa-code/architechtures/v2/.venv/lib/python3.11/site-packages/torch/_dynamo/symbolic_convert.py", line 4332, in inline_call_
    self.run()
  File "/workspace/jepa-code/architechtures/v2/.venv/lib/python3.11/site-packages/torch/_dynamo/symbolic_convert.py", line 1500, in run
    while self.step():
          ^^^^^^^^^^^
  File "/workspace/jepa-code/architechtures/v2/.venv/lib/python3.11/site-packages/torch/_dynamo/symbolic_convert.py", line 1348, in step
    self.dispatch_table[inst.opcode](self, inst)
  File "/workspace/jepa-code/architechtures/v2/.venv/lib/python3.11/site-packages/torch/_dynamo/symbolic_convert.py", line 904, in wrapper
    return inner_fn(self, inst)
           ^^^^^^^^^^^^^^^^^^^^
  File "/workspace/jepa-code/architechtures/v2/.venv/lib/python3.11/site-packages/torch/_dynamo/symbolic_convert.py", line 3428, in CALL
    self._call(inst)
  File "/workspace/jepa-code/architechtures/v2/.venv/lib/python3.11/site-packages/torch/_dynamo/symbolic_convert.py", line 3422, in _call
    self.call_function(fn, args, kwargs)
  File "/workspace/jepa-code/architechtures/v2/.venv/lib/python3.11/site-packages/torch/_dynamo/symbolic_convert.py", line 1266, in call_function
    self.push(fn.call_function(self, args, kwargs))  # type: ignore[arg-type]
              ^^^^^^^^^^^^^^^^^^^^^^^^^^^^^^^^^^^^
  File "/workspace/jepa-code/architechtures/v2/.venv/lib/python3.11/site-packages/torch/_dynamo/variables/functions.py", line 1154, in call_function
    return super().call_function(tx, args, kwargs)
           ^^^^^^^^^^^^^^^^^^^^^^^^^^^^^^^^^^^^^^^
  File "/workspace/jepa-code/architechtures/v2/.venv/lib/python3.11/site-packages/torch/_dynamo/variables/functions.py", line 598, in call_function
    return super().call_function(tx, args, kwargs)
           ^^^^^^^^^^^^^^^^^^^^^^^^^^^^^^^^^^^^^^^
  File "/workspace/jepa-code/architechtures/v2/.venv/lib/python3.11/site-packages/torch/_dynamo/variables/functions.py", line 342, in call_function
    return tx.inline_user_function_return(self, [*self.self_args(), *args], kwargs)
           ^^^^^^^^^^^^^^^^^^^^^^^^^^^^^^^^^^^^^^^^^^^^^^^^^^^^^^^^^^^^^^^^^^^^^^^^
  File "/workspace/jepa-code/architechtures/v2/.venv/lib/python3.11/site-packages/torch/_dynamo/symbolic_convert.py", line 1288, in inline_user_function_return
    return InliningInstructionTranslator.inline_call(self, fn, args, kwargs)
           ^^^^^^^^^^^^^^^^^^^^^^^^^^^^^^^^^^^^^^^^^^^^^^^^^^^^^^^^^^^^^^^^^
  File "/workspace/jepa-code/architechtures/v2/.venv/lib/python3.11/site-packages/torch/_dynamo/symbolic_convert.py", line 4129, in inline_call
    return tracer.inline_call_()
           ^^^^^^^^^^^^^^^^^^^^^
  File "/workspace/jepa-code/architechtures/v2/.venv/lib/python3.11/site-packages/torch/_dynamo/symbolic_convert.py", line 4332, in inline_call_
    self.run()
  File "/workspace/jepa-code/architechtures/v2/.venv/lib/python3.11/site-packages/torch/_dynamo/symbolic_convert.py", line 1500, in run
    while self.step():
          ^^^^^^^^^^^
  File "/workspace/jepa-code/architechtures/v2/.venv/lib/python3.11/site-packages/torch/_dynamo/symbolic_convert.py", line 1348, in step
    self.dispatch_table[inst.opcode](self, inst)
  File "/workspace/jepa-code/architechtures/v2/.venv/lib/python3.11/site-packages/torch/_dynamo/symbolic_convert.py", line 904, in wrapper
    return inner_fn(self, inst)
           ^^^^^^^^^^^^^^^^^^^^
  File "/workspace/jepa-code/architechtures/v2/.venv/lib/python3.11/site-packages/torch/_dynamo/symbolic_convert.py", line 3428, in CALL
    self._call(inst)
  File "/workspace/jepa-code/architechtures/v2/.venv/lib/python3.11/site-packages/torch/_dynamo/symbolic_convert.py", line 3422, in _call
    self.call_function(fn, args, kwargs)
  File "/workspace/jepa-code/architechtures/v2/.venv/lib/python3.11/site-packages/torch/_dynamo/symbolic_convert.py", line 1266, in call_function
    self.push(fn.call_function(self, args, kwargs))  # type: ignore[arg-type]
              ^^^^^^^^^^^^^^^^^^^^^^^^^^^^^^^^^^^^
  File "/workspace/jepa-code/architechtures/v2/.venv/lib/python3.11/site-packages/torch/_dynamo/variables/lazy.py", line 212, in realize_and_forward
    return getattr(self.realize(), name)(*args, **kwargs)
           ^^^^^^^^^^^^^^^^^^^^^^^^^^^^^^^^^^^^^^^^^^^^^^
  File "/workspace/jepa-code/architechtures/v2/.venv/lib/python3.11/site-packages/torch/_dynamo/variables/nn_module.py", line 1010, in call_function
    return variables.UserFunctionVariable(fn, source=source).call_function(
           ^^^^^^^^^^^^^^^^^^^^^^^^^^^^^^^^^^^^^^^^^^^^^^^^^^^^^^^^^^^^^^^^
  File "/workspace/jepa-code/architechtures/v2/.venv/lib/python3.11/site-packages/torch/_dynamo/variables/functions.py", line 598, in call_function
    return super().call_function(tx, args, kwargs)
           ^^^^^^^^^^^^^^^^^^^^^^^^^^^^^^^^^^^^^^^
  File "/workspace/jepa-code/architechtures/v2/.venv/lib/python3.11/site-packages/torch/_dynamo/variables/functions.py", line 342, in call_function
    return tx.inline_user_function_return(self, [*self.self_args(), *args], kwargs)
           ^^^^^^^^^^^^^^^^^^^^^^^^^^^^^^^^^^^^^^^^^^^^^^^^^^^^^^^^^^^^^^^^^^^^^^^^
  File "/workspace/jepa-code/architechtures/v2/.venv/lib/python3.11/site-packages/torch/_dynamo/symbolic_convert.py", line 1288, in inline_user_function_return
    return InliningInstructionTranslator.inline_call(self, fn, args, kwargs)
           ^^^^^^^^^^^^^^^^^^^^^^^^^^^^^^^^^^^^^^^^^^^^^^^^^^^^^^^^^^^^^^^^^
  File "/workspace/jepa-code/architechtures/v2/.venv/lib/python3.11/site-packages/torch/_dynamo/symbolic_convert.py", line 4129, in inline_call
    return tracer.inline_call_()
           ^^^^^^^^^^^^^^^^^^^^^
  File "/workspace/jepa-code/architechtures/v2/.venv/lib/python3.11/site-packages/torch/_dynamo/symbolic_convert.py", line 4332, in inline_call_
    self.run()
  File "/workspace/jepa-code/architechtures/v2/.venv/lib/python3.11/site-packages/torch/_dynamo/symbolic_convert.py", line 1500, in run
    while self.step():
          ^^^^^^^^^^^
  File "/workspace/jepa-code/architechtures/v2/.venv/lib/python3.11/site-packages/torch/_dynamo/symbolic_convert.py", line 1348, in step
    self.dispatch_table[inst.opcode](self, inst)
  File "/workspace/jepa-code/architechtures/v2/.venv/lib/python3.11/site-packages/torch/_dynamo/symbolic_convert.py", line 904, in wrapper
    return inner_fn(self, inst)
           ^^^^^^^^^^^^^^^^^^^^
  File "/workspace/jepa-code/architechtures/v2/.venv/lib/python3.11/site-packages/torch/_dynamo/symbolic_convert.py", line 3428, in CALL
    self._call(inst)
  File "/workspace/jepa-code/architechtures/v2/.venv/lib/python3.11/site-packages/torch/_dynamo/symbolic_convert.py", line 3422, in _call
    self.call_function(fn, args, kwargs)
  File "/workspace/jepa-code/architechtures/v2/.venv/lib/python3.11/site-packages/torch/_dynamo/symbolic_convert.py", line 1266, in call_function
    self.push(fn.call_function(self, args, kwargs))  # type: ignore[arg-type]
              ^^^^^^^^^^^^^^^^^^^^^^^^^^^^^^^^^^^^
  File "/workspace/jepa-code/architechtures/v2/.venv/lib/python3.11/site-packages/torch/_dynamo/variables/misc.py", line 1115, in call_function
    return self.obj.call_method(tx, self.name, args, kwargs)
           ^^^^^^^^^^^^^^^^^^^^^^^^^^^^^^^^^^^^^^^^^^^^^^^^^
  File "/workspace/jepa-code/architechtures/v2/.venv/lib/python3.11/site-packages/torch/_dynamo/variables/tensor.py", line 715, in call_method
    tx.output.create_proxy(
  File "/workspace/jepa-code/architechtures/v2/.venv/lib/python3.11/site-packages/torch/_dynamo/output_graph.py", line 819, in create_proxy
    return self.current_tracer.create_proxy(*args, **kwargs)
           ^^^^^^^^^^^^^^^^^^^^^^^^^^^^^^^^^^^^^^^^^^^^^^^^^
  File "/workspace/jepa-code/architechtures/v2/.venv/lib/python3.11/site-packages/torch/_dynamo/output_graph.py", line 2826, in create_proxy
    header = tx.get_line_of_code_header(lineno=cur_inst.positions.lineno)
             ^^^^^^^^^^^^^^^^^^^^^^^^^^^^^^^^^^^^^^^^^^^^^^^^^^^^^^^^^^^^
  File "/workspace/jepa-code/architechtures/v2/.venv/lib/python3.11/site-packages/torch/_dynamo/symbolic_convert.py", line 1296, in get_line_of_code_header
    funcname = get_funcname(self.f_code.co_filename, lineno)
               ^^^^^^^^^^^^^^^^^^^^^^^^^^^^^^^^^^^^^^^^^^^^^
  File "/workspace/jepa-code/architechtures/v2/.venv/lib/python3.11/site-packages/torch/_dynamo/funcname_cache.py", line 74, in get_funcname
    _add_file(filename)
  File "/workspace/jepa-code/architechtures/v2/.venv/lib/python3.11/site-packages/torch/_dynamo/funcname_cache.py", line 33, in _add_file
    tokens = list(tokenize.generate_tokens(f.readline))
             ^^^^^^^^^^^^^^^^^^^^^^^^^^^^^^^^^^^^^^^^^^
  File "/usr/lib/python3.11/tokenize.py", line 602, in _tokenize
    yield TokenInfo(OP, token, spos, epos, line)
          ^^^^^^^^^^^^^^^^^^^^^^^^^^^^^^^^^^^^^^
KeyboardInterrupt
